1589975891128|Registry up and running!
1589975901914|GlobalRegistry processing put my-URI-provider rmi=localhost
1589975901980|GlobalRegistry processing put iport rmi=localhost
1589975902035|All connected!
1589975902036|GlobalRegistry processing put my-URI-consumer rmi=localhost
1589975902220|GlobalRegistry processing put fr.sorbonne_u.components.reflection.interfaces.ReflectionI-0f51ff66-5edd-49b5-88d0-d920df062a9e rmi=localhost
1589975902256|GlobalRegistry processing put fr.sorbonne_u.components.reflection.interfaces.ReflectionI-32a9ff6b-01c2-43cc-8a3c-b4fa878e3a83 rmi=localhost
1589975902276|GlobalRegistry processing put provider-dcc rmi=localhost
1589975902320|GlobalRegistry processing put consumer-dcc rmi=localhost
1589975902456|GlobalRegistry processing lookup iport
1589975917708|GlobalRegistry processing remove fr.sorbonne_u.components.reflection.interfaces.ReflectionI-32a9ff6b-01c2-43cc-8a3c-b4fa878e3a83
1589975917712|GlobalRegistry processing remove my-URI-provider
1589975917756|GlobalRegistry processing remove my-URI-consumer
1589975917760|GlobalRegistry processing remove fr.sorbonne_u.components.reflection.interfaces.ReflectionI-0f51ff66-5edd-49b5-88d0-d920df062a9e
1589975917896|GlobalRegistry processing remove consumer-dcc
1589975917900|GlobalRegistry processing remove iport
1589975917944|GlobalRegistry processing remove provider-dcc
1589975918080|GlobalRegistry processing shutdown
1589975918084|GlobalRegistry processing shutdown
1589975918085|Global registry shuts down!
