1589884019732|Registry up and running!
1589884051699|GlobalRegistry processing put my-URI-provider rmi=localhost
1589884051765|GlobalRegistry processing put iport rmi=localhost
1589884051812|All connected!
1589884051813|GlobalRegistry processing put my-URI-consumer rmi=localhost
1589884052005|GlobalRegistry processing put fr.sorbonne_u.components.reflection.interfaces.ReflectionI-7c59d95d-1627-44e1-85ac-e515b452c867 rmi=localhost
1589884052041|GlobalRegistry processing put fr.sorbonne_u.components.reflection.interfaces.ReflectionI-58da6aa3-6415-4384-a0a9-84658f10fa4b rmi=localhost
1589884052057|GlobalRegistry processing put provider-dcc rmi=localhost
1589884052097|GlobalRegistry processing put consumer-dcc rmi=localhost
1589884052241|GlobalRegistry processing lookup iport
1589884067497|GlobalRegistry processing remove fr.sorbonne_u.components.reflection.interfaces.ReflectionI-58da6aa3-6415-4384-a0a9-84658f10fa4b
1589884067497|GlobalRegistry processing remove my-URI-provider
1589884067541|GlobalRegistry processing remove fr.sorbonne_u.components.reflection.interfaces.ReflectionI-7c59d95d-1627-44e1-85ac-e515b452c867
1589884067549|GlobalRegistry processing remove my-URI-consumer
1589884067681|GlobalRegistry processing remove iport
1589884067685|GlobalRegistry processing remove consumer-dcc
1589884067725|GlobalRegistry processing remove provider-dcc
1589884067861|GlobalRegistry processing shutdown
1589884067861|GlobalRegistry processing shutdown
1589884067866|Global registry shuts down!
