1589972883577|DCVM Cyclic Barrier up and running!
1589972883584|DCVM Cyclic Barrier accepts: player2jvm localhost 36670
1589972883588|DCVM Cyclic Barrier has received 1 out of 2 expected.
1589972890868|All connected!
1589972890869|DCVM Cyclic Barrier accepts: player1jvm localhost 36674
1589972890871|DCVM Cyclic Barrier has received 2 out of 2 expected.
1589972890871|DCVM Cyclic Barrier releases 2 sites.
1589972890901|DCVM Cyclic Barrier accepts: player2jvm localhost 36670
1589972890902|DCVM Cyclic Barrier has received 1 out of 2 expected.
1589972890916|DCVM Cyclic Barrier accepts: player1jvm localhost 36674
1589972890916|DCVM Cyclic Barrier has received 2 out of 2 expected.
1589972890916|DCVM Cyclic Barrier releases 2 sites.
1589972891936|DCVM Cyclic Barrier accepts: player1jvm localhost 36674
1589972891936|DCVM Cyclic Barrier has received 1 out of 2 expected.
1589972892120|DCVM Cyclic Barrier accepts: player2jvm localhost 36670
1589972892120|DCVM Cyclic Barrier has received 2 out of 2 expected.
1589972892120|DCVM Cyclic Barrier releases 2 sites.
1589972892124|DCVM Cyclic Barrier accepts: player1jvm localhost 36674
1589972892125|DCVM Cyclic Barrier has received 1 out of 2 expected.
1589972892168|DCVM Cyclic Barrier accepts: player2jvm localhost 36670
1589972892169|DCVM Cyclic Barrier has received 2 out of 2 expected.
1589972892169|DCVM Cyclic Barrier releases 2 sites.
1589972892465|DCVM Cyclic Barrier accepts: player1jvm localhost 36674
1589972892466|DCVM Cyclic Barrier has received 1 out of 2 expected.
1589972892760|DCVM Cyclic Barrier accepts: player2jvm localhost 36670
1589972892761|DCVM Cyclic Barrier has received 2 out of 2 expected.
1589972892761|DCVM Cyclic Barrier releases 2 sites.
1589972952768|DCVM Cyclic Barrier accepts: player1jvm localhost 36674
1589972952769|DCVM Cyclic Barrier has received 1 out of 2 expected.
1589972952816|DCVM Cyclic Barrier accepts: player2jvm localhost 36670
1589972952817|DCVM Cyclic Barrier has received 2 out of 2 expected.
1589972952817|DCVM Cyclic Barrier releases 2 sites.
1589972952952|DCVM Cyclic Barrier accepts: player1jvm localhost 36674
1589972952954|DCVM Cyclic Barrier has received 1 out of 2 expected.
1589972953000|DCVM Cyclic Barrier accepts: player2jvm localhost 36670
1589972953001|DCVM Cyclic Barrier has received 2 out of 2 expected.
1589972953001|DCVM Cyclic Barrier releases 2 sites.
1589972953488|DCVM Cyclic Barrier accepts: player1jvm localhost 36674
1589972953490|DCVM Cyclic Barrier has received 1 out of 2 expected.
1589972953532|DCVM Cyclic Barrier accepts: player2jvm localhost 36670
1589972953533|DCVM Cyclic Barrier has received 2 out of 2 expected.
1589972953533|DCVM Cyclic Barrier releases 2 sites.
1589972953536|DCVMCyclicBarrier.run() finished.
1589972953536|DCVMCyclicBarrier.run() finished.
1589972953536|DCVM Cyclic Barrier shuts down!
