1589972883565|Registry up and running!
1589972891099|GlobalRegistry processing put player1 rmi=localhost
1589972891164|GlobalRegistry processing put player1ibpURI rmi=localhost
1589972891224|All connected!
1589972891224|GlobalRegistry processing put player2 rmi=localhost
1589972891272|GlobalRegistry processing put player1dobpURI rmi=localhost
1589972891296|GlobalRegistry processing put player2ibpURI rmi=localhost
1589972891360|GlobalRegistry processing put player1dibpURI rmi=localhost
1589972891412|GlobalRegistry processing put player2dobpURI rmi=localhost
1589972891460|GlobalRegistry processing put player1twpURI rmi=localhost
1589972891516|GlobalRegistry processing put player2dibpURI rmi=localhost
1589972891552|GlobalRegistry processing put player1twpURI-dtwp rmi=localhost
1589972891624|GlobalRegistry processing put player2twpURI rmi=localhost
1589972891724|GlobalRegistry processing put player2twpURI-dtwp rmi=localhost
1589972891788|GlobalRegistry processing put fr.sorbonne_u.components.reflection.interfaces.ReflectionI-4b4823ef-5b27-4454-8843-e50e977c9717 rmi=localhost
1589972891844|GlobalRegistry processing put player1jvm-dcc rmi=localhost
1589972891972|GlobalRegistry processing put fr.sorbonne_u.components.reflection.interfaces.ReflectionI-33f4d2dc-4b5f-4173-bd58-3faf603403fc rmi=localhost
1589972892032|GlobalRegistry processing put player2jvm-dcc rmi=localhost
1589972892256|GlobalRegistry processing lookup player1ibpURI
1589972892256|GlobalRegistry processing lookup player2ibpURI
1589972892316|GlobalRegistry processing lookup player2dobpURI
1589972892320|GlobalRegistry processing lookup player1dobpURI
1589972892408|GlobalRegistry processing lookup player1dibpURI
1589972892416|GlobalRegistry processing lookup player2dibpURI
1589972892512|GlobalRegistry processing lookup player1twpURI
1589972892612|GlobalRegistry processing lookup player2twpURI
1589972892660|GlobalRegistry processing lookup player1twpURI-dtwp
1589972892712|GlobalRegistry processing lookup player2twpURI-dtwp
1589972952864|GlobalRegistry processing remove player1
1589972952908|GlobalRegistry processing remove fr.sorbonne_u.components.reflection.interfaces.ReflectionI-4b4823ef-5b27-4454-8843-e50e977c9717
1589972952912|GlobalRegistry processing remove fr.sorbonne_u.components.reflection.interfaces.ReflectionI-33f4d2dc-4b5f-4173-bd58-3faf603403fc
1589972953044|GlobalRegistry processing remove player1ibpURI
1589972953044|GlobalRegistry processing remove player2ibpURI
1589972953088|GlobalRegistry processing remove player1dobpURI
1589972953092|GlobalRegistry processing remove player2dobpURI
1589972953176|GlobalRegistry processing remove player1dibpURI
1589972953180|GlobalRegistry processing remove player2dibpURI
1589972953264|GlobalRegistry processing remove player1twpURI
1589972953268|GlobalRegistry processing remove player2twpURI
1589972953352|GlobalRegistry processing remove player1twpURI-dtwp
1589972953356|GlobalRegistry processing remove player2twpURI-dtwp
1589972953440|GlobalRegistry processing remove player1jvm-dcc
1589972953444|GlobalRegistry processing remove player2jvm-dcc
1589972953576|GlobalRegistry processing shutdown
1589972953576|GlobalRegistry processing shutdown
1589972953579|Global registry shuts down!
