1589972618377|DCVM Cyclic Barrier up and running!
1589972618388|DCVM Cyclic Barrier accepts: client-side-jvm localhost 36634
1589972618392|DCVM Cyclic Barrier has received 1 out of 2 expected.
1589972625135|All connected!
1589972625136|DCVM Cyclic Barrier accepts: server-side-jvm localhost 36638
1589972625138|DCVM Cyclic Barrier has received 2 out of 2 expected.
1589972625138|DCVM Cyclic Barrier releases 2 sites.
1589972625167|DCVM Cyclic Barrier accepts: client-side-jvm localhost 36634
1589972625168|DCVM Cyclic Barrier has received 1 out of 2 expected.
1589972625188|DCVM Cyclic Barrier accepts: server-side-jvm localhost 36638
1589972625189|DCVM Cyclic Barrier has received 2 out of 2 expected.
1589972625189|DCVM Cyclic Barrier releases 2 sites.
1589972625804|DCVM Cyclic Barrier accepts: server-side-jvm localhost 36638
1589972625805|DCVM Cyclic Barrier has received 1 out of 2 expected.
1589972625856|DCVM Cyclic Barrier accepts: client-side-jvm localhost 36634
1589972625856|DCVM Cyclic Barrier has received 2 out of 2 expected.
1589972625856|DCVM Cyclic Barrier releases 2 sites.
1589972625858|DCVM Cyclic Barrier accepts: server-side-jvm localhost 36638
1589972625859|DCVM Cyclic Barrier has received 1 out of 2 expected.
1589972625900|DCVM Cyclic Barrier accepts: client-side-jvm localhost 36634
1589972625901|DCVM Cyclic Barrier has received 2 out of 2 expected.
1589972625901|DCVM Cyclic Barrier releases 2 sites.
1589972625945|DCVM Cyclic Barrier accepts: server-side-jvm localhost 36638
1589972625946|DCVM Cyclic Barrier has received 1 out of 2 expected.
1589972625988|DCVM Cyclic Barrier accepts: client-side-jvm localhost 36634
1589972625988|DCVM Cyclic Barrier has received 2 out of 2 expected.
1589972625988|DCVM Cyclic Barrier releases 2 sites.
1589972627035|DCVM Cyclic Barrier accepts: server-side-jvm localhost 36638
1589972627036|DCVM Cyclic Barrier has received 1 out of 2 expected.
1589972627076|DCVM Cyclic Barrier accepts: client-side-jvm localhost 36634
1589972627077|DCVM Cyclic Barrier has received 2 out of 2 expected.
1589972627077|DCVM Cyclic Barrier releases 2 sites.
1589972627208|DCVM Cyclic Barrier accepts: server-side-jvm localhost 36638
1589972627209|DCVM Cyclic Barrier has received 1 out of 2 expected.
1589972627256|DCVM Cyclic Barrier accepts: client-side-jvm localhost 36634
1589972627257|DCVM Cyclic Barrier has received 2 out of 2 expected.
1589972627257|DCVM Cyclic Barrier releases 2 sites.
1589972627348|DCVM Cyclic Barrier accepts: client-side-jvm localhost 36634
1589972627349|DCVM Cyclic Barrier has received 1 out of 2 expected.
1589972627477|DCVM Cyclic Barrier accepts: server-side-jvm localhost 36638
1589972627478|DCVM Cyclic Barrier has received 2 out of 2 expected.
1589972627478|DCVM Cyclic Barrier releases 2 sites.
1589972627481|DCVMCyclicBarrier.run() finished.
1589972627481|DCVMCyclicBarrier.run() finished.
1589972627481|DCVM Cyclic Barrier shuts down!
