1589972618375|Registry up and running!
1589972625365|GlobalRegistry processing put rip-uri rmi=localhost
1589972625432|GlobalRegistry processing put fr.sorbonne_u.components.plugins.dconnection.interfaces.DynamicConnectionRequestI-8b524239-ea72-4ebb-9915-d66a35df4d19 rmi=localhost
1589972625485|All connected!
1589972625485|GlobalRegistry processing put fr.sorbonne_u.components.reflection.interfaces.ReflectionI-6e059c39-aa98-4864-9356-76d172b75e27 rmi=localhost
1589972625668|GlobalRegistry processing put fr.sorbonne_u.components.reflection.interfaces.ReflectionI-938bdcd5-3643-40cf-8aca-e477a39720f3 rmi=localhost
1589972625704|GlobalRegistry processing put fr.sorbonne_u.components.reflection.interfaces.ReflectionI-588cfd00-3bb5-40ab-bcbd-82e442e3b6d1 rmi=localhost
1589972625716|GlobalRegistry processing put server-side-jvm-dcc rmi=localhost
1589972625768|GlobalRegistry processing put client-side-jvm-dcc rmi=localhost
1589972626112|GlobalRegistry processing put fr.sorbonne_u.components.reflection.interfaces.ReflectionI-7b0e5a53-8812-473a-84b2-1ff8725775c6 rmi=localhost
1589972626156|GlobalRegistry processing lookup rip-uri
1589972626284|GlobalRegistry processing put fr.sorbonne_u.components.plugins.dconnection.interfaces.DynamicConnectionRequestI-d4cfe02b-d3b7-446c-928a-6cc03a75ad99 rmi=localhost
1589972626340|GlobalRegistry processing lookup fr.sorbonne_u.components.plugins.dconnection.interfaces.DynamicConnectionRequestI-8b524239-ea72-4ebb-9915-d66a35df4d19
1589972626444|GlobalRegistry processing remove fr.sorbonne_u.components.reflection.interfaces.ReflectionI-7b0e5a53-8812-473a-84b2-1ff8725775c6
1589972626544|GlobalRegistry processing put fr.sorbonne_u.components.plugins.dconnection.example.interfaces.ExampleI-aa88ecba-c16f-49a2-b65d-3c84f0261a80 rmi=localhost
1589972626612|GlobalRegistry processing put fr.sorbonne_u.components.plugins.dconnection.example.interfaces.ExampleI-85a1b261-bb24-4962-a1fa-3dd90ca5725e rmi=localhost
1589972626656|GlobalRegistry processing lookup fr.sorbonne_u.components.plugins.dconnection.example.interfaces.ExampleI-aa88ecba-c16f-49a2-b65d-3c84f0261a80
1589972626764|GlobalRegistry processing remove fr.sorbonne_u.components.plugins.dconnection.example.interfaces.ExampleI-85a1b261-bb24-4962-a1fa-3dd90ca5725e
1589972626852|GlobalRegistry processing remove fr.sorbonne_u.components.plugins.dconnection.interfaces.DynamicConnectionRequestI-d4cfe02b-d3b7-446c-928a-6cc03a75ad99
1589972627120|GlobalRegistry processing remove fr.sorbonne_u.components.reflection.interfaces.ReflectionI-938bdcd5-3643-40cf-8aca-e477a39720f3
1589972627124|GlobalRegistry processing remove fr.sorbonne_u.components.reflection.interfaces.ReflectionI-588cfd00-3bb5-40ab-bcbd-82e442e3b6d1
1589972627164|GlobalRegistry processing remove rip-uri
1589972627168|GlobalRegistry processing remove fr.sorbonne_u.components.reflection.interfaces.ReflectionI-6e059c39-aa98-4864-9356-76d172b75e27
1589972627300|GlobalRegistry processing remove server-side-jvm-dcc
1589972627304|GlobalRegistry processing remove client-side-jvm-dcc
1589972627344|GlobalRegistry processing remove fr.sorbonne_u.components.plugins.dconnection.example.interfaces.ExampleI-aa88ecba-c16f-49a2-b65d-3c84f0261a80
1589972627432|GlobalRegistry processing remove fr.sorbonne_u.components.plugins.dconnection.interfaces.DynamicConnectionRequestI-8b524239-ea72-4ebb-9915-d66a35df4d19
1589972627524|GlobalRegistry processing shutdown
1589972627524|GlobalRegistry processing shutdown
1589972627528|Global registry shuts down!
