1589978496970|Registry up and running!
1589978502749|GlobalRegistry processing put fr.sorbonne_u.components.reflection.interfaces.ReflectionI-41f83cae-1208-4044-9d86-401c1c7112ed rmi=localhost
1589978502808|GlobalRegistry processing put fr.sorbonne_u.components.reflection.interfaces.ReflectionI-9dbf8d9f-51f0-4687-8449-8ad14d24863b rmi=localhost
1589978502876|All connected!
1589978502876|GlobalRegistry processing put fr.sorbonne_u.components.reflection.interfaces.ReflectionI-26aa3d75-ebbb-482c-bbfb-42805c2beb3c rmi=localhost
1589978502876|GlobalRegistry processing put fr.sorbonne_u.components.reflection.interfaces.ReflectionI-26b4f89a-5294-48a6-8887-ec3d9a19e6d1 rmi=localhost
1589978502912|GlobalRegistry processing put assembler-dcc rmi=localhost
1589978502948|GlobalRegistry processing put consumer-dcc rmi=localhost
1589978502948|GlobalRegistry processing put provider-dcc rmi=localhost
1589978503184|GlobalRegistry processing lookup consumer-dcc
1589978503232|GlobalRegistry processing lookup provider-dcc
1589978503336|GlobalRegistry processing put fr.sorbonne_u.components.reflection.interfaces.ReflectionI-f1b9b1b9-67fd-4789-beec-6bf555837a2f rmi=localhost
1589978503400|GlobalRegistry processing put fr.sorbonne_u.components.examples.basic_cs.interfaces.URIProviderI-46954297-06e0-4956-88e3-78670d8f6fc8 rmi=localhost
1589978503504|GlobalRegistry processing put fr.sorbonne_u.components.reflection.interfaces.ReflectionI-b65760b5-4693-4462-a959-bbbfb4c5be41 rmi=localhost
1589978503572|GlobalRegistry processing put fr.sorbonne_u.components.examples.basic_cs.interfaces.URIConsumerI-58cdb969-45e0-4ba9-90d6-3c0038f39cbc rmi=localhost
1589978503676|GlobalRegistry processing put fr.sorbonne_u.components.examples.ddeployment_cs.interfaces.URIConsumerLaunchI-09d540c4-9a05-4fa6-9f40-8cec59a68a70 rmi=localhost
1589978503784|GlobalRegistry processing lookup fr.sorbonne_u.components.reflection.interfaces.ReflectionI-f1b9b1b9-67fd-4789-beec-6bf555837a2f
1589978503992|GlobalRegistry processing lookup fr.sorbonne_u.components.reflection.interfaces.ReflectionI-b65760b5-4693-4462-a959-bbbfb4c5be41
1589978504188|GlobalRegistry processing lookup fr.sorbonne_u.components.examples.basic_cs.interfaces.URIProviderI-46954297-06e0-4956-88e3-78670d8f6fc8
1589978504252|GlobalRegistry processing put fr.sorbonne_u.components.examples.ddeployment_cs.interfaces.URIConsumerLaunchI-a47a817d-1b7f-4a12-81e5-c37fdced6fd9 rmi=localhost
1589978504296|GlobalRegistry processing lookup fr.sorbonne_u.components.examples.ddeployment_cs.interfaces.URIConsumerLaunchI-09d540c4-9a05-4fa6-9f40-8cec59a68a70
1589978504384|GlobalRegistry processing remove fr.sorbonne_u.components.examples.ddeployment_cs.interfaces.URIConsumerLaunchI-a47a817d-1b7f-4a12-81e5-c37fdced6fd9
1589978518380|GlobalRegistry processing remove fr.sorbonne_u.components.reflection.interfaces.ReflectionI-9dbf8d9f-51f0-4687-8449-8ad14d24863b
1589978518380|GlobalRegistry processing remove fr.sorbonne_u.components.reflection.interfaces.ReflectionI-26aa3d75-ebbb-482c-bbfb-42805c2beb3c
1589978518384|GlobalRegistry processing remove fr.sorbonne_u.components.reflection.interfaces.ReflectionI-f1b9b1b9-67fd-4789-beec-6bf555837a2f
1589978518424|GlobalRegistry processing remove fr.sorbonne_u.components.reflection.interfaces.ReflectionI-41f83cae-1208-4044-9d86-401c1c7112ed
1589978518428|GlobalRegistry processing remove fr.sorbonne_u.components.reflection.interfaces.ReflectionI-26b4f89a-5294-48a6-8887-ec3d9a19e6d1
1589978518432|GlobalRegistry processing remove fr.sorbonne_u.components.reflection.interfaces.ReflectionI-b65760b5-4693-4462-a959-bbbfb4c5be41
1589978518568|GlobalRegistry processing remove assembler-dcc
1589978518572|GlobalRegistry processing remove fr.sorbonne_u.components.examples.basic_cs.interfaces.URIProviderI-46954297-06e0-4956-88e3-78670d8f6fc8
1589978518572|GlobalRegistry processing remove consumer-dcc
1589978518620|GlobalRegistry processing remove fr.sorbonne_u.components.examples.basic_cs.interfaces.URIConsumerI-58cdb969-45e0-4ba9-90d6-3c0038f39cbc
1589978518624|GlobalRegistry processing remove provider-dcc
1589978518708|GlobalRegistry processing remove fr.sorbonne_u.components.examples.ddeployment_cs.interfaces.URIConsumerLaunchI-09d540c4-9a05-4fa6-9f40-8cec59a68a70
1589978518840|GlobalRegistry processing shutdown
1589978518840|GlobalRegistry processing shutdown
1589978518840|GlobalRegistry processing shutdown
1589978518845|Global registry shuts down!
